<?xml version="1.0" encoding="UTF-8"?>
<!-- Generated by org.testng.reporters.JUnitReportReporter -->
<testsuite skipped="0" hostname="EG5CG9024Y7Q" name="test.GoogleTest" tests="2" failures="0" timestamp="04 Feb 2020 13:20:25 GMT" time="1.879" errors="0">
  <testcase name="GoogleSearch" time="1.832" classname="test.GoogleTest"/>
  <testcase name="AssertPageTitle" time="0.047" classname="test.GoogleTest"/>
</testsuite> <!-- test.GoogleTest -->
